<?xml version="1.0" encoding="UTF-8"?>
<testng-results skipped="0" failed="0" ignored="0" total="1" passed="1">
  <reporter-output>
  </reporter-output>
  <suite name="Default suite" duration-ms="90937" started-at="2017-05-24T12:45:59Z" finished-at="2017-05-24T12:47:30Z">
    <groups>
      <group name="cucumber">
        <method signature="AbstractTestNGCucumberTests.feature(cucumber.api.testng.CucumberFeatureWrapper)[pri:0, instance:runner.RunnerClassTest@47c4ecdc]" name="feature" class="cucumber.api.testng.AbstractTestNGCucumberTests"/>
      </group> <!-- cucumber -->
    </groups>
    <test name="Default test" duration-ms="90937" started-at="2017-05-24T12:45:59Z" finished-at="2017-05-24T12:47:30Z">
      <class name="runner.RunnerClassTest">
        <test-method status="PASS" signature="setUpClass()[pri:0, instance:runner.RunnerClassTest@47c4ecdc]" name="setUpClass" is-config="true" duration-ms="165" started-at="2017-05-24T18:15:59Z" finished-at="2017-05-24T18:15:59Z">
          <reporter-output>
          </reporter-output>
        </test-method> <!-- setUpClass -->
        <test-method status="PASS" signature="feature(cucumber.api.testng.CucumberFeatureWrapper)[pri:0, instance:runner.RunnerClassTest@47c4ecdc]" name="feature" duration-ms="90432" started-at="2017-05-24T18:15:59Z" description="Runs Cucumber Feature" data-provider="features" finished-at="2017-05-24T18:17:30Z">
          <params>
            <param index="0">
              <value>
                <![CDATA[Validate Campaign creation]]>
              </value>
            </param>
          </params>
          <reporter-output>
          </reporter-output>
        </test-method> <!-- feature -->
        <test-method status="PASS" signature="tearDownClass()[pri:0, instance:runner.RunnerClassTest@47c4ecdc]" name="tearDownClass" is-config="true" duration-ms="265" started-at="2017-05-24T18:17:30Z" finished-at="2017-05-24T18:17:30Z">
          <reporter-output>
          </reporter-output>
        </test-method> <!-- tearDownClass -->
      </class> <!-- runner.RunnerClassTest -->
    </test> <!-- Default test -->
  </suite> <!-- Default suite -->
</testng-results>
